[GIN-debug] [WARNING] Running in "debug" mode. Switch to "release" mode in production.
 - using env:	export GIN_MODE=release
 - using code:	gin.SetMode(gin.ReleaseMode)

[GIN-debug] GET    /campaigns                --> namgay/jampa/controllers.GetCampaigns (4 handlers)
[GIN-debug] GET    /campaigns/:id            --> namgay/jampa/controllers.GetCampaign (4 handlers)
[GIN-debug] POST   /campaigns                --> namgay/jampa/controllers.CreateCampaign (4 handlers)
[GIN-debug] PUT    /campaigns/:id            --> namgay/jampa/controllers.UpdateCampaign (4 handlers)
[GIN-debug] DELETE /campaigns/:id            --> namgay/jampa/controllers.DeleteCampaign (4 handlers)
[GIN-debug] POST   /campaigns/:id/donate     --> namgay/jampa/controllers.CreateDonation (4 handlers)
[GIN-debug] GET    /campaigns/:id/donations  --> namgay/jampa/controllers.GetDonations (4 handlers)
[GIN-debug] GET    /public/*filepath         --> github.com/gin-gonic/gin.(*RouterGroup).createStaticHandler.func1 (4 handlers)
[GIN-debug] HEAD   /public/*filepath         --> github.com/gin-gonic/gin.(*RouterGroup).createStaticHandler.func1 (4 handlers)
[GIN-debug] [WARNING] You trusted all proxies, this is NOT safe. We recommend you to set a value.
Please check https://pkg.go.dev/github.com/gin-gonic/gin#readme-don-t-trust-all-proxies for details.
[GIN-debug] Environment variable PORT is undefined. Using port :8080 by default
[GIN-debug] Listening and serving HTTP on :8080
::1 - [Fri, 21 Jan 2022 11:32:34 +06] "GET /campaigns?perPage=3 HTTP/1.1 200 3.4527ms "Mozilla/5.0 (Windows NT 10.0; Win64; x64; rv:96.0) Gecko/20100101 Firefox/96.0" "
::1 - [Fri, 21 Jan 2022 11:39:30 +06] "GET /campaigns?perPage=3 HTTP/1.1 200 1.2072ms "Mozilla/5.0 (Windows NT 10.0; Win64; x64; rv:96.0) Gecko/20100101 Firefox/96.0" "
::1 - [Fri, 21 Jan 2022 11:39:30 +06] "GET /public/images/5ecf47e0-4b24-453f-9a1d-9ab8bae1d3d8.jpg HTTP/1.1 304 64.4µs "Mozilla/5.0 (Windows NT 10.0; Win64; x64; rv:96.0) Gecko/20100101 Firefox/96.0" "
::1 - [Fri, 21 Jan 2022 11:39:30 +06] "GET /public/images/68ba4f25-bb48-4341-bd49-e858b6c0be1c.jpg HTTP/1.1 304 81.2µs "Mozilla/5.0 (Windows NT 10.0; Win64; x64; rv:96.0) Gecko/20100101 Firefox/96.0" "
::1 - [Fri, 21 Jan 2022 11:39:30 +06] "GET /public/images/a1ccb8b8-f7b2-4090-9fa9-2a8f081b2bf5.jpg HTTP/1.1 304 38.7µs "Mozilla/5.0 (Windows NT 10.0; Win64; x64; rv:96.0) Gecko/20100101 Firefox/96.0" "
::1 - [Fri, 21 Jan 2022 11:40:56 +06] "GET /campaigns?perPage=3 HTTP/1.1 200 1.3188ms "Mozilla/5.0 (Windows NT 10.0; Win64; x64; rv:96.0) Gecko/20100101 Firefox/96.0" "
::1 - [Fri, 21 Jan 2022 11:40:56 +06] "GET /public/images/5ecf47e0-4b24-453f-9a1d-9ab8bae1d3d8.jpg HTTP/1.1 304 48.3µs "Mozilla/5.0 (Windows NT 10.0; Win64; x64; rv:96.0) Gecko/20100101 Firefox/96.0" "
::1 - [Fri, 21 Jan 2022 11:40:56 +06] "GET /public/images/68ba4f25-bb48-4341-bd49-e858b6c0be1c.jpg HTTP/1.1 304 41.6µs "Mozilla/5.0 (Windows NT 10.0; Win64; x64; rv:96.0) Gecko/20100101 Firefox/96.0" "
::1 - [Fri, 21 Jan 2022 11:40:56 +06] "GET /public/images/a1ccb8b8-f7b2-4090-9fa9-2a8f081b2bf5.jpg HTTP/1.1 304 37.7µs "Mozilla/5.0 (Windows NT 10.0; Win64; x64; rv:96.0) Gecko/20100101 Firefox/96.0" "
::1 - [Fri, 21 Jan 2022 11:43:43 +06] "GET /campaigns?perPage=3 HTTP/1.1 200 1.0487ms "Mozilla/5.0 (Windows NT 10.0; Win64; x64; rv:96.0) Gecko/20100101 Firefox/96.0" "
::1 - [Fri, 21 Jan 2022 11:43:44 +06] "GET /public/images/5ecf47e0-4b24-453f-9a1d-9ab8bae1d3d8.jpg HTTP/1.1 304 79.1µs "Mozilla/5.0 (Windows NT 10.0; Win64; x64; rv:96.0) Gecko/20100101 Firefox/96.0" "
::1 - [Fri, 21 Jan 2022 11:43:44 +06] "GET /public/images/68ba4f25-bb48-4341-bd49-e858b6c0be1c.jpg HTTP/1.1 304 60.3µs "Mozilla/5.0 (Windows NT 10.0; Win64; x64; rv:96.0) Gecko/20100101 Firefox/96.0" "
::1 - [Fri, 21 Jan 2022 11:43:44 +06] "GET /public/images/a1ccb8b8-f7b2-4090-9fa9-2a8f081b2bf5.jpg HTTP/1.1 304 77.3µs "Mozilla/5.0 (Windows NT 10.0; Win64; x64; rv:96.0) Gecko/20100101 Firefox/96.0" "
::1 - [Fri, 21 Jan 2022 11:49:25 +06] "GET /campaigns/4/donations?sortBy=Recent HTTP/1.1 200 1.9175ms "Mozilla/5.0 (Windows NT 10.0; Win64; x64; rv:96.0) Gecko/20100101 Firefox/96.0" "
::1 - [Fri, 21 Jan 2022 11:49:25 +06] "GET /campaigns/4 HTTP/1.1 200 4.5859ms "Mozilla/5.0 (Windows NT 10.0; Win64; x64; rv:96.0) Gecko/20100101 Firefox/96.0" "
::1 - [Fri, 21 Jan 2022 11:49:26 +06] "GET /campaigns?perPage=3 HTTP/1.1 200 1.908ms "Mozilla/5.0 (Windows NT 10.0; Win64; x64; rv:96.0) Gecko/20100101 Firefox/96.0" "
::1 - [Fri, 21 Jan 2022 11:53:10 +06] "GET /campaigns/4 HTTP/1.1 200 1.241ms "Mozilla/5.0 (Windows NT 10.0; Win64; x64; rv:96.0) Gecko/20100101 Firefox/96.0" "
::1 - [Fri, 21 Jan 2022 11:53:10 +06] "GET /campaigns/4/donations?sortBy=Recent&page=1&pageSize=10 HTTP/1.1 200 1.956ms "Mozilla/5.0 (Windows NT 10.0; Win64; x64; rv:96.0) Gecko/20100101 Firefox/96.0" "
::1 - [Fri, 21 Jan 2022 11:53:12 +06] "GET /campaigns/4 HTTP/1.1 200 1.0156ms "Mozilla/5.0 (Windows NT 10.0; Win64; x64; rv:96.0) Gecko/20100101 Firefox/96.0" "
::1 - [Fri, 21 Jan 2022 11:53:13 +06] "GET /campaigns/4/donations?sortBy=Recent HTTP/1.1 200 1.7393ms "Mozilla/5.0 (Windows NT 10.0; Win64; x64; rv:96.0) Gecko/20100101 Firefox/96.0" "
::1 - [Fri, 21 Jan 2022 11:53:13 +06] "GET /campaigns/4 HTTP/1.1 200 1.679ms "Mozilla/5.0 (Windows NT 10.0; Win64; x64; rv:96.0) Gecko/20100101 Firefox/96.0" "
::1 - [Fri, 21 Jan 2022 11:53:32 +06] "GET /campaigns/4 HTTP/1.1 200 1.5974ms "Mozilla/5.0 (Windows NT 10.0; Win64; x64; rv:96.0) Gecko/20100101 Firefox/96.0" "
::1 - [Fri, 21 Jan 2022 11:53:32 +06] "GET /campaigns/4/donations?sortBy=Recent&page=1&pageSize=10 HTTP/1.1 200 1.7132ms "Mozilla/5.0 (Windows NT 10.0; Win64; x64; rv:96.0) Gecko/20100101 Firefox/96.0" "
::1 - [Fri, 21 Jan 2022 11:53:38 +06] "GET /campaigns/4 HTTP/1.1 200 1.1971ms "Mozilla/5.0 (Windows NT 10.0; Win64; x64; rv:96.0) Gecko/20100101 Firefox/96.0" "
::1 - [Fri, 21 Jan 2022 11:53:38 +06] "GET /campaigns/4/donations?sortBy=Recent&page=2&pageSize=10 HTTP/1.1 200 1.6067ms "Mozilla/5.0 (Windows NT 10.0; Win64; x64; rv:96.0) Gecko/20100101 Firefox/96.0" "
::1 - [Fri, 21 Jan 2022 11:53:40 +06] "GET /campaigns/4 HTTP/1.1 200 1.3953ms "Mozilla/5.0 (Windows NT 10.0; Win64; x64; rv:96.0) Gecko/20100101 Firefox/96.0" "
::1 - [Fri, 21 Jan 2022 11:53:40 +06] "GET /campaigns/4/donations?sortBy=Recent&page=1&pageSize=10 HTTP/1.1 200 1.6752ms "Mozilla/5.0 (Windows NT 10.0; Win64; x64; rv:96.0) Gecko/20100101 Firefox/96.0" "
::1 - [Fri, 21 Jan 2022 11:53:44 +06] "GET /campaigns?perPage=3 HTTP/1.1 200 1.5379ms "Mozilla/5.0 (Windows NT 10.0; Win64; x64; rv:96.0) Gecko/20100101 Firefox/96.0" "
::1 - [Fri, 21 Jan 2022 13:31:37 +06] "GET /campaigns?perPage=3 HTTP/1.1 200 1.8459ms "Mozilla/5.0 (Windows NT 10.0; Win64; x64; rv:96.0) Gecko/20100101 Firefox/96.0" "
::1 - [Fri, 21 Jan 2022 13:31:37 +06] "GET /public/images/5ecf47e0-4b24-453f-9a1d-9ab8bae1d3d8.jpg HTTP/1.1 304 52.8µs "Mozilla/5.0 (Windows NT 10.0; Win64; x64; rv:96.0) Gecko/20100101 Firefox/96.0" "
::1 - [Fri, 21 Jan 2022 13:31:37 +06] "GET /public/images/a1ccb8b8-f7b2-4090-9fa9-2a8f081b2bf5.jpg HTTP/1.1 304 48.8µs "Mozilla/5.0 (Windows NT 10.0; Win64; x64; rv:96.0) Gecko/20100101 Firefox/96.0" "
::1 - [Fri, 21 Jan 2022 13:31:37 +06] "GET /public/images/68ba4f25-bb48-4341-bd49-e858b6c0be1c.jpg HTTP/1.1 304 128.5µs "Mozilla/5.0 (Windows NT 10.0; Win64; x64; rv:96.0) Gecko/20100101 Firefox/96.0" "
::1 - [Fri, 21 Jan 2022 13:31:56 +06] "GET /campaigns?status=active&query=&page=1 HTTP/1.1 200 2.8735ms "Mozilla/5.0 (Windows NT 10.0; Win64; x64; rv:96.0) Gecko/20100101 Firefox/96.0" "
::1 - [Fri, 21 Jan 2022 13:32:27 +06] "GET /campaigns?perPage=3 HTTP/1.1 200 1.3169ms "Mozilla/5.0 (Windows NT 10.0; Win64; x64; rv:96.0) Gecko/20100101 Firefox/96.0" "
::1 - [Fri, 21 Jan 2022 13:33:17 +06] "GET /campaigns?status=active&query=&page=1 HTTP/1.1 200 1.4891ms "Mozilla/5.0 (Windows NT 10.0; Win64; x64; rv:96.0) Gecko/20100101 Firefox/96.0" "
::1 - [Fri, 21 Jan 2022 13:33:24 +06] "GET /campaigns?status=active&query=&page=1 HTTP/1.1 200 1.3413ms "Mozilla/5.0 (Windows NT 10.0; Win64; x64; rv:96.0) Gecko/20100101 Firefox/96.0" "
::1 - [Fri, 21 Jan 2022 13:33:24 +06] "GET /campaigns?perPage=3 HTTP/1.1 200 1.2276ms "Mozilla/5.0 (Windows NT 10.0; Win64; x64; rv:96.0) Gecko/20100101 Firefox/96.0" "
::1 - [Fri, 21 Jan 2022 13:33:30 +06] "GET /campaigns?status=active&query=&page=1 HTTP/1.1 200 1.2958ms "Mozilla/5.0 (Windows NT 10.0; Win64; x64; rv:96.0) Gecko/20100101 Firefox/96.0" "
::1 - [Fri, 21 Jan 2022 13:33:31 +06] "GET /campaigns?status=completed&query=&page=1 HTTP/1.1 200 717.5µs "Mozilla/5.0 (Windows NT 10.0; Win64; x64; rv:96.0) Gecko/20100101 Firefox/96.0" "
::1 - [Fri, 21 Jan 2022 13:33:34 +06] "GET /campaigns?status=active&query=&page=1 HTTP/1.1 200 1.5491ms "Mozilla/5.0 (Windows NT 10.0; Win64; x64; rv:96.0) Gecko/20100101 Firefox/96.0" "
::1 - [Fri, 21 Jan 2022 13:33:40 +06] "GET /campaigns/6/donations?sortBy=Recent HTTP/1.1 200 855.7µs "Mozilla/5.0 (Windows NT 10.0; Win64; x64; rv:96.0) Gecko/20100101 Firefox/96.0" "
::1 - [Fri, 21 Jan 2022 13:33:40 +06] "GET /campaigns/6 HTTP/1.1 200 818.8µs "Mozilla/5.0 (Windows NT 10.0; Win64; x64; rv:96.0) Gecko/20100101 Firefox/96.0" "
::1 - [Fri, 21 Jan 2022 13:33:42 +06] "GET /campaigns/6 HTTP/1.1 200 995.5µs "Mozilla/5.0 (Windows NT 10.0; Win64; x64; rv:96.0) Gecko/20100101 Firefox/96.0" "
::1 - [Fri, 21 Jan 2022 13:33:58 +06] "POST /campaigns/6/donate HTTP/1.1 200 5.5722ms "Mozilla/5.0 (Windows NT 10.0; Win64; x64; rv:96.0) Gecko/20100101 Firefox/96.0" "
::1 - [Fri, 21 Jan 2022 13:33:58 +06] "GET /campaigns/6/donations?sortBy=Recent&page=1&pageSize=10 HTTP/1.1 200 1.4106ms "Mozilla/5.0 (Windows NT 10.0; Win64; x64; rv:96.0) Gecko/20100101 Firefox/96.0" "
::1 - [Fri, 21 Jan 2022 13:33:58 +06] "GET /campaigns/6 HTTP/1.1 200 1.2938ms "Mozilla/5.0 (Windows NT 10.0; Win64; x64; rv:96.0) Gecko/20100101 Firefox/96.0" "
::1 - [Fri, 21 Jan 2022 13:34:04 +06] "GET /campaigns?status=active&query=&page=1 HTTP/1.1 200 1.1978ms "Mozilla/5.0 (Windows NT 10.0; Win64; x64; rv:96.0) Gecko/20100101 Firefox/96.0" "
::1 - [Fri, 21 Jan 2022 13:34:04 +06] "GET /public/images/2e12ac7c-a0c2-489a-8605-2000347e2c7f.jpg HTTP/1.1 304 109µs "Mozilla/5.0 (Windows NT 10.0; Win64; x64; rv:96.0) Gecko/20100101 Firefox/96.0" "
::1 - [Fri, 21 Jan 2022 13:34:07 +06] "GET /campaigns?status=completed&query=&page=1 HTTP/1.1 200 1.0312ms "Mozilla/5.0 (Windows NT 10.0; Win64; x64; rv:96.0) Gecko/20100101 Firefox/96.0" "
::1 - [Fri, 21 Jan 2022 13:34:08 +06] "GET /campaigns?status=active&query=&page=1 HTTP/1.1 200 1.4198ms "Mozilla/5.0 (Windows NT 10.0; Win64; x64; rv:96.0) Gecko/20100101 Firefox/96.0" "
::1 - [Fri, 21 Jan 2022 13:34:27 +06] "GET /campaigns?status=active&query=&page=1&perPage=5 HTTP/1.1 200 1.1139ms "Mozilla/5.0 (Windows NT 10.0; Win64; x64; rv:96.0) Gecko/20100101 Firefox/96.0" "
::1 - [Fri, 21 Jan 2022 13:34:33 +06] "GET /campaigns?status=active&query=&page=1&perPage=5 HTTP/1.1 200 1.2493ms "Mozilla/5.0 (Windows NT 10.0; Win64; x64; rv:96.0) Gecko/20100101 Firefox/96.0" "
::1 - [Fri, 21 Jan 2022 13:34:33 +06] "GET /public/images/68ba4f25-bb48-4341-bd49-e858b6c0be1c.jpg HTTP/1.1 304 67.6µs "Mozilla/5.0 (Windows NT 10.0; Win64; x64; rv:96.0) Gecko/20100101 Firefox/96.0" "
::1 - [Fri, 21 Jan 2022 13:34:33 +06] "GET /public/images/a1ccb8b8-f7b2-4090-9fa9-2a8f081b2bf5.jpg HTTP/1.1 304 45.2µs "Mozilla/5.0 (Windows NT 10.0; Win64; x64; rv:96.0) Gecko/20100101 Firefox/96.0" "
::1 - [Fri, 21 Jan 2022 13:34:33 +06] "GET /public/images/2e12ac7c-a0c2-489a-8605-2000347e2c7f.jpg HTTP/1.1 304 79.4µs "Mozilla/5.0 (Windows NT 10.0; Win64; x64; rv:96.0) Gecko/20100101 Firefox/96.0" "
::1 - [Fri, 21 Jan 2022 13:35:46 +06] "GET /campaigns?status=active&query=&page=1&pageSize=5 HTTP/1.1 200 1.9024ms "Mozilla/5.0 (Windows NT 10.0; Win64; x64; rv:96.0) Gecko/20100101 Firefox/96.0" "
::1 - [Fri, 21 Jan 2022 13:35:46 +06] "GET /public/images/c2d4f42a-afce-4453-9c1f-f82699c3180a.jpg HTTP/1.1 304 44.9µs "Mozilla/5.0 (Windows NT 10.0; Win64; x64; rv:96.0) Gecko/20100101 Firefox/96.0" "
::1 - [Fri, 21 Jan 2022 13:35:46 +06] "GET /public/images/cfb909e5-407c-4d39-8b4c-8012980b6c01.jpg HTTP/1.1 200 5.1152ms "Mozilla/5.0 (Windows NT 10.0; Win64; x64; rv:96.0) Gecko/20100101 Firefox/96.0" "
::1 - [Fri, 21 Jan 2022 13:35:55 +06] "GET /campaigns?status=completed&query=&page=1&pageSize=5 HTTP/1.1 200 975.8µs "Mozilla/5.0 (Windows NT 10.0; Win64; x64; rv:96.0) Gecko/20100101 Firefox/96.0" "
::1 - [Fri, 21 Jan 2022 13:35:55 +06] "GET /public/images/5ecf47e0-4b24-453f-9a1d-9ab8bae1d3d8.jpg HTTP/1.1 304 84.4µs "Mozilla/5.0 (Windows NT 10.0; Win64; x64; rv:96.0) Gecko/20100101 Firefox/96.0" "
::1 - [Fri, 21 Jan 2022 13:36:03 +06] "GET /campaigns?status=active&query=&page=1&pageSize=5 HTTP/1.1 200 1.0452ms "Mozilla/5.0 (Windows NT 10.0; Win64; x64; rv:96.0) Gecko/20100101 Firefox/96.0" "
::1 - [Fri, 21 Jan 2022 13:36:07 +06] "GET /campaigns?perPage=3 HTTP/1.1 200 1.0048ms "Mozilla/5.0 (Windows NT 10.0; Win64; x64; rv:96.0) Gecko/20100101 Firefox/96.0" "
::1 - [Fri, 21 Jan 2022 13:41:47 +06] "GET /campaigns?perPage=3 HTTP/1.1 200 2.2356ms "Mozilla/5.0 (Windows NT 10.0; Win64; x64; rv:96.0) Gecko/20100101 Firefox/96.0" "
::1 - [Fri, 21 Jan 2022 13:43:33 +06] "GET /campaigns?perPage=3 HTTP/1.1 200 1.2014ms "Mozilla/5.0 (iPad; CPU OS 14_7_1 like Mac OS X) AppleWebKit/605.1.15 (KHTML, like Gecko) Version/14.1.2 Mobile/15E148 Safari/604.1" "
::1 - [Fri, 21 Jan 2022 13:43:33 +06] "GET /public/images/5ecf47e0-4b24-453f-9a1d-9ab8bae1d3d8.jpg HTTP/1.1 304 56.4µs "Mozilla/5.0 (iPad; CPU OS 14_7_1 like Mac OS X) AppleWebKit/605.1.15 (KHTML, like Gecko) Version/14.1.2 Mobile/15E148 Safari/604.1" "
::1 - [Fri, 21 Jan 2022 13:43:33 +06] "GET /public/images/68ba4f25-bb48-4341-bd49-e858b6c0be1c.jpg HTTP/1.1 304 54.6µs "Mozilla/5.0 (iPad; CPU OS 14_7_1 like Mac OS X) AppleWebKit/605.1.15 (KHTML, like Gecko) Version/14.1.2 Mobile/15E148 Safari/604.1" "
::1 - [Fri, 21 Jan 2022 13:43:33 +06] "GET /public/images/a1ccb8b8-f7b2-4090-9fa9-2a8f081b2bf5.jpg HTTP/1.1 304 57.3µs "Mozilla/5.0 (iPad; CPU OS 14_7_1 like Mac OS X) AppleWebKit/605.1.15 (KHTML, like Gecko) Version/14.1.2 Mobile/15E148 Safari/604.1" "
::1 - [Fri, 21 Jan 2022 13:44:59 +06] "GET /campaigns?perPage=3 HTTP/1.1 200 1.8205ms "Mozilla/5.0 (iPhone; CPU iPhone OS 14_6 like Mac OS X) AppleWebKit/605.1.15 (KHTML, like Gecko) Version/14.0.3 Mobile/15E148 Safari/604.1" "
::1 - [Fri, 21 Jan 2022 13:44:59 +06] "GET /public/images/5ecf47e0-4b24-453f-9a1d-9ab8bae1d3d8.jpg HTTP/1.1 304 50.6µs "Mozilla/5.0 (iPhone; CPU iPhone OS 14_6 like Mac OS X) AppleWebKit/605.1.15 (KHTML, like Gecko) Version/14.0.3 Mobile/15E148 Safari/604.1" "
::1 - [Fri, 21 Jan 2022 13:44:59 +06] "GET /public/images/68ba4f25-bb48-4341-bd49-e858b6c0be1c.jpg HTTP/1.1 304 50.7µs "Mozilla/5.0 (iPhone; CPU iPhone OS 14_6 like Mac OS X) AppleWebKit/605.1.15 (KHTML, like Gecko) Version/14.0.3 Mobile/15E148 Safari/604.1" "
::1 - [Fri, 21 Jan 2022 13:44:59 +06] "GET /public/images/a1ccb8b8-f7b2-4090-9fa9-2a8f081b2bf5.jpg HTTP/1.1 304 65.4µs "Mozilla/5.0 (iPhone; CPU iPhone OS 14_6 like Mac OS X) AppleWebKit/605.1.15 (KHTML, like Gecko) Version/14.0.3 Mobile/15E148 Safari/604.1" "
::1 - [Fri, 21 Jan 2022 13:45:10 +06] "GET /campaigns?perPage=3 HTTP/1.1 200 1.0689ms "Mozilla/5.0 (iPhone; CPU iPhone OS 14_6 like Mac OS X) AppleWebKit/605.1.15 (KHTML, like Gecko) Version/14.0.3 Mobile/15E148 Safari/604.1" "
::1 - [Fri, 21 Jan 2022 13:45:10 +06] "GET /public/images/5ecf47e0-4b24-453f-9a1d-9ab8bae1d3d8.jpg HTTP/1.1 304 42.9µs "Mozilla/5.0 (iPhone; CPU iPhone OS 14_6 like Mac OS X) AppleWebKit/605.1.15 (KHTML, like Gecko) Version/14.0.3 Mobile/15E148 Safari/604.1" "
::1 - [Fri, 21 Jan 2022 13:45:10 +06] "GET /public/images/68ba4f25-bb48-4341-bd49-e858b6c0be1c.jpg HTTP/1.1 304 45.8µs "Mozilla/5.0 (iPhone; CPU iPhone OS 14_6 like Mac OS X) AppleWebKit/605.1.15 (KHTML, like Gecko) Version/14.0.3 Mobile/15E148 Safari/604.1" "
::1 - [Fri, 21 Jan 2022 13:45:10 +06] "GET /public/images/a1ccb8b8-f7b2-4090-9fa9-2a8f081b2bf5.jpg HTTP/1.1 304 45.6µs "Mozilla/5.0 (iPhone; CPU iPhone OS 14_6 like Mac OS X) AppleWebKit/605.1.15 (KHTML, like Gecko) Version/14.0.3 Mobile/15E148 Safari/604.1" "
::1 - [Fri, 21 Jan 2022 13:45:17 +06] "GET /campaigns?perPage=3 HTTP/1.1 200 1.2098ms "Mozilla/5.0 (iPhone; CPU iPhone OS 14_6 like Mac OS X) AppleWebKit/605.1.15 (KHTML, like Gecko) Version/14.0.3 Mobile/15E148 Safari/604.1" "
::1 - [Fri, 21 Jan 2022 13:45:17 +06] "GET /public/images/5ecf47e0-4b24-453f-9a1d-9ab8bae1d3d8.jpg HTTP/1.1 304 95.4µs "Mozilla/5.0 (iPhone; CPU iPhone OS 14_6 like Mac OS X) AppleWebKit/605.1.15 (KHTML, like Gecko) Version/14.0.3 Mobile/15E148 Safari/604.1" "
::1 - [Fri, 21 Jan 2022 13:45:18 +06] "GET /public/images/68ba4f25-bb48-4341-bd49-e858b6c0be1c.jpg HTTP/1.1 304 41.8µs "Mozilla/5.0 (iPhone; CPU iPhone OS 14_6 like Mac OS X) AppleWebKit/605.1.15 (KHTML, like Gecko) Version/14.0.3 Mobile/15E148 Safari/604.1" "
::1 - [Fri, 21 Jan 2022 13:45:18 +06] "GET /public/images/a1ccb8b8-f7b2-4090-9fa9-2a8f081b2bf5.jpg HTTP/1.1 304 41.7µs "Mozilla/5.0 (iPhone; CPU iPhone OS 14_6 like Mac OS X) AppleWebKit/605.1.15 (KHTML, like Gecko) Version/14.0.3 Mobile/15E148 Safari/604.1" "
::1 - [Fri, 21 Jan 2022 13:45:38 +06] "GET /campaigns?perPage=3 HTTP/1.1 200 1.1127ms "Mozilla/5.0 (iPhone; CPU iPhone OS 14_6 like Mac OS X) AppleWebKit/605.1.15 (KHTML, like Gecko) Version/14.0.3 Mobile/15E148 Safari/604.1" "
::1 - [Fri, 21 Jan 2022 13:45:38 +06] "GET /public/images/5ecf47e0-4b24-453f-9a1d-9ab8bae1d3d8.jpg HTTP/1.1 304 80.3µs "Mozilla/5.0 (iPhone; CPU iPhone OS 14_6 like Mac OS X) AppleWebKit/605.1.15 (KHTML, like Gecko) Version/14.0.3 Mobile/15E148 Safari/604.1" "
::1 - [Fri, 21 Jan 2022 13:45:38 +06] "GET /public/images/68ba4f25-bb48-4341-bd49-e858b6c0be1c.jpg HTTP/1.1 304 41.4µs "Mozilla/5.0 (iPhone; CPU iPhone OS 14_6 like Mac OS X) AppleWebKit/605.1.15 (KHTML, like Gecko) Version/14.0.3 Mobile/15E148 Safari/604.1" "
::1 - [Fri, 21 Jan 2022 13:45:38 +06] "GET /public/images/a1ccb8b8-f7b2-4090-9fa9-2a8f081b2bf5.jpg HTTP/1.1 304 82.6µs "Mozilla/5.0 (iPhone; CPU iPhone OS 14_6 like Mac OS X) AppleWebKit/605.1.15 (KHTML, like Gecko) Version/14.0.3 Mobile/15E148 Safari/604.1" "
::1 - [Fri, 21 Jan 2022 13:46:43 +06] "GET /campaigns?perPage=3 HTTP/1.1 200 1.1539ms "Mozilla/5.0 (iPhone; CPU iPhone OS 14_6 like Mac OS X) AppleWebKit/605.1.15 (KHTML, like Gecko) Version/14.0.3 Mobile/15E148 Safari/604.1" "
::1 - [Fri, 21 Jan 2022 13:46:43 +06] "GET /public/images/5ecf47e0-4b24-453f-9a1d-9ab8bae1d3d8.jpg HTTP/1.1 304 44µs "Mozilla/5.0 (iPhone; CPU iPhone OS 14_6 like Mac OS X) AppleWebKit/605.1.15 (KHTML, like Gecko) Version/14.0.3 Mobile/15E148 Safari/604.1" "
::1 - [Fri, 21 Jan 2022 13:46:43 +06] "GET /public/images/68ba4f25-bb48-4341-bd49-e858b6c0be1c.jpg HTTP/1.1 304 66.9µs "Mozilla/5.0 (iPhone; CPU iPhone OS 14_6 like Mac OS X) AppleWebKit/605.1.15 (KHTML, like Gecko) Version/14.0.3 Mobile/15E148 Safari/604.1" "
::1 - [Fri, 21 Jan 2022 13:46:43 +06] "GET /public/images/a1ccb8b8-f7b2-4090-9fa9-2a8f081b2bf5.jpg HTTP/1.1 304 46.9µs "Mozilla/5.0 (iPhone; CPU iPhone OS 14_6 like Mac OS X) AppleWebKit/605.1.15 (KHTML, like Gecko) Version/14.0.3 Mobile/15E148 Safari/604.1" "
::1 - [Fri, 21 Jan 2022 13:47:17 +06] "GET /campaigns?status=active&query=&page=1&pageSize=5 HTTP/1.1 200 2.0441ms "Mozilla/5.0 (iPad; CPU OS 14_7_1 like Mac OS X) AppleWebKit/605.1.15 (KHTML, like Gecko) Version/14.1.2 Mobile/15E148 Safari/604.1" "
::1 - [Fri, 21 Jan 2022 13:47:17 +06] "GET /public/images/2e12ac7c-a0c2-489a-8605-2000347e2c7f.jpg HTTP/1.1 304 107.2µs "Mozilla/5.0 (iPad; CPU OS 14_7_1 like Mac OS X) AppleWebKit/605.1.15 (KHTML, like Gecko) Version/14.1.2 Mobile/15E148 Safari/604.1" "
::1 - [Fri, 21 Jan 2022 13:47:17 +06] "GET /public/images/c2d4f42a-afce-4453-9c1f-f82699c3180a.jpg HTTP/1.1 304 45.5µs "Mozilla/5.0 (iPad; CPU OS 14_7_1 like Mac OS X) AppleWebKit/605.1.15 (KHTML, like Gecko) Version/14.1.2 Mobile/15E148 Safari/604.1" "
::1 - [Fri, 21 Jan 2022 13:47:17 +06] "GET /public/images/cfb909e5-407c-4d39-8b4c-8012980b6c01.jpg HTTP/1.1 304 48.8µs "Mozilla/5.0 (iPad; CPU OS 14_7_1 like Mac OS X) AppleWebKit/605.1.15 (KHTML, like Gecko) Version/14.1.2 Mobile/15E148 Safari/604.1" "
::1 - [Fri, 21 Jan 2022 13:47:30 +06] "GET /campaigns?status=active&query=&page=1&pageSize=5 HTTP/1.1 200 1.8945ms "Mozilla/5.0 (iPad; CPU OS 14_7_1 like Mac OS X) AppleWebKit/605.1.15 (KHTML, like Gecko) Version/14.1.2 Mobile/15E148 Safari/604.1" "
::1 - [Fri, 21 Jan 2022 14:05:05 +06] "GET /campaigns?status=active&query=&page=1&pageSize=5 HTTP/1.1 200 1.588ms "Mozilla/5.0 (iPad; CPU OS 14_7_1 like Mac OS X) AppleWebKit/605.1.15 (KHTML, like Gecko) Version/14.1.2 Mobile/15E148 Safari/604.1" "
::1 - [Fri, 21 Jan 2022 14:05:07 +06] "GET /public/images/2e12ac7c-a0c2-489a-8605-2000347e2c7f.jpg HTTP/1.1 304 89.2µs "Mozilla/5.0 (iPad; CPU OS 14_7_1 like Mac OS X) AppleWebKit/605.1.15 (KHTML, like Gecko) Version/14.1.2 Mobile/15E148 Safari/604.1" "
::1 - [Fri, 21 Jan 2022 14:05:07 +06] "GET /public/images/c2d4f42a-afce-4453-9c1f-f82699c3180a.jpg HTTP/1.1 304 61µs "Mozilla/5.0 (iPad; CPU OS 14_7_1 like Mac OS X) AppleWebKit/605.1.15 (KHTML, like Gecko) Version/14.1.2 Mobile/15E148 Safari/604.1" "
::1 - [Fri, 21 Jan 2022 14:05:07 +06] "GET /public/images/cfb909e5-407c-4d39-8b4c-8012980b6c01.jpg HTTP/1.1 304 47.3µs "Mozilla/5.0 (iPad; CPU OS 14_7_1 like Mac OS X) AppleWebKit/605.1.15 (KHTML, like Gecko) Version/14.1.2 Mobile/15E148 Safari/604.1" "
::1 - [Fri, 21 Jan 2022 14:05:07 +06] "GET /public/images/68ba4f25-bb48-4341-bd49-e858b6c0be1c.jpg HTTP/1.1 304 28.1µs "Mozilla/5.0 (iPad; CPU OS 14_7_1 like Mac OS X) AppleWebKit/605.1.15 (KHTML, like Gecko) Version/14.1.2 Mobile/15E148 Safari/604.1" "
::1 - [Fri, 21 Jan 2022 14:05:07 +06] "GET /public/images/a1ccb8b8-f7b2-4090-9fa9-2a8f081b2bf5.jpg HTTP/1.1 304 38.7µs "Mozilla/5.0 (iPad; CPU OS 14_7_1 like Mac OS X) AppleWebKit/605.1.15 (KHTML, like Gecko) Version/14.1.2 Mobile/15E148 Safari/604.1" "
::1 - [Fri, 21 Jan 2022 14:08:43 +06] "GET /campaigns?perPage=3 HTTP/1.1 200 916.4µs "Mozilla/5.0 (Windows NT 10.0; Win64; x64; rv:96.0) Gecko/20100101 Firefox/96.0" "
::1 - [Fri, 21 Jan 2022 14:08:43 +06] "GET /public/images/5ecf47e0-4b24-453f-9a1d-9ab8bae1d3d8.jpg HTTP/1.1 304 59.3µs "Mozilla/5.0 (Windows NT 10.0; Win64; x64; rv:96.0) Gecko/20100101 Firefox/96.0" "
::1 - [Fri, 21 Jan 2022 14:08:56 +06] "GET /campaigns/5 HTTP/1.1 200 890.1µs "Mozilla/5.0 (Windows NT 10.0; Win64; x64; rv:96.0) Gecko/20100101 Firefox/96.0" "
::1 - [Fri, 21 Jan 2022 14:08:59 +06] "GET /campaigns/5 HTTP/1.1 200 870.3µs "Mozilla/5.0 (Windows NT 10.0; Win64; x64; rv:96.0) Gecko/20100101 Firefox/96.0" "
::1 - [Fri, 21 Jan 2022 14:11:07 +06] "GET /campaigns?perPage=3 HTTP/1.1 200 2.0213ms "Mozilla/5.0 (Windows NT 10.0; Win64; x64; rv:96.0) Gecko/20100101 Firefox/96.0" "
::1 - [Fri, 21 Jan 2022 14:11:16 +06] "GET /campaigns?status=active&query=&page=1&pageSize=5 HTTP/1.1 200 1.1663ms "Mozilla/5.0 (Windows NT 10.0; Win64; x64; rv:96.0) Gecko/20100101 Firefox/96.0" "
::1 - [Fri, 21 Jan 2022 14:11:24 +06] "GET /campaigns?perPage=3 HTTP/1.1 200 923.1µs "Mozilla/5.0 (Windows NT 10.0; Win64; x64; rv:96.0) Gecko/20100101 Firefox/96.0" "
